  exercise.c
C:\Users\PC\Desktop\C\code1\C_code\Exercises_C\Exercises_C\exercise.c(406,19): error C2065: “new”: 未声明的标识符
C:\Users\PC\Desktop\C\code1\C_code\Exercises_C\Exercises_C\exercise.c(406,19): error C2143: 语法错误: 缺少“;”(在“类型”的前面)
C:\Users\PC\Desktop\C\code1\C_code\Exercises_C\Exercises_C\exercise.c(406,19): warning C4091: “ ”: 没有声明变量时忽略“int”的左侧
C:\Users\PC\Desktop\C\code1\C_code\Exercises_C\Exercises_C\exercise.c(406,1): warning C4047: “初始化”:“int *”与“int”的间接级别不同
  function.c
  正在生成代码...
